This is pdfTeX, Version 3.14159265-2.6-1.40.19 (TeX Live 2018) (preloaded format=pdflatex 2018.9.1)  3 SEP 2019 11:16
entering extended mode
 restricted \write18 enabled.
 file:line:error style messages enabled.
 %&-line parsing enabled.
**"/Users/wujunlei/VscodeProjects/我的github技术博客/blog_markdown/static/paper/sentiment-analysis-edge-computing/wujunlei_Transformer Based Memory Network for Sentiment Analysis of Web Comments.tex"
(/Users/wujunlei/VscodeProjects/我的github技术博客/blog_markdown/static/paper/sentiment-analysis-edge-computing/wujunlei_Transformer Based Memory Network for Sentiment Analysis of Web Comments.tex
LaTeX2e <2018-04-01> patch level 2
Babel <3.18> and hyphenation patterns for 84 language(s) loaded.
(/Users/wujunlei/VscodeProjects/我的github技术博客/blog_markdown/static/paper/sentiment-analysis-edge-computing/llncs.cls
Document Class: llncs 2018/03/10 v2.20 
 LaTeX document class for Lecture Notes in Computer Science
(/usr/local/texlive/2018/texmf-dist/tex/latex/base/article.cls
Document Class: article 2014/09/29 v1.4h Standard LaTeX document class
(/usr/local/texlive/2018/texmf-dist/tex/latex/base/size10.clo
File: size10.clo 2014/09/29 v1.4h Standard LaTeX file (size option)
)
\c@part=\count80
\c@section=\count81
\c@subsection=\count82
\c@subsubsection=\count83
\c@paragraph=\count84
\c@subparagraph=\count85
\c@figure=\count86
\c@table=\count87
\abovecaptionskip=\skip41
\belowcaptionskip=\skip42
\bibindent=\dimen102
) (/usr/local/texlive/2018/texmf-dist/tex/latex/tools/multicol.sty
Package: multicol 2018/04/01 v1.8r multicolumn formatting (FMi)
\c@tracingmulticols=\count88


Package multicol Warning: May not work with the twocolumn option on input line 141.

\mult@box=\box26
\multicol@leftmargin=\dimen103
\c@unbalance=\count89
\c@collectmore=\count90
\doublecol@number=\count91
\multicoltolerance=\count92
\multicolpretolerance=\count93
\full@width=\dimen104
\page@free=\dimen105
\premulticols=\dimen106
\postmulticols=\dimen107
\multicolsep=\skip43
\multicolbaselineskip=\skip44
\partial@page=\box27
\last@line=\box28
\maxbalancingoverflow=\dimen108
\mult@rightbox=\box29
\mult@grightbox=\box30
\mult@gfirstbox=\box31
\mult@firstbox=\box32
\@tempa=\box33
\@tempa=\box34
\@tempa=\box35
\@tempa=\box36
\@tempa=\box37
\@tempa=\box38
\@tempa=\box39
\@tempa=\box40
\@tempa=\box41
\@tempa=\box42
\@tempa=\box43
\@tempa=\box44
\@tempa=\box45
\@tempa=\box46
\@tempa=\box47
\@tempa=\box48
\@tempa=\box49
\c@columnbadness=\count94
\c@finalcolumnbadness=\count95
\last@try=\dimen109
\multicolovershoot=\dimen110
\multicolundershoot=\dimen111
\mult@nat@firstbox=\box50
\colbreak@box=\box51
\mc@col@check@num=\count96
) (/usr/local/texlive/2018/texmf-dist/tex/latex/oberdiek/aliascnt.sty
Package: aliascnt 2016/05/16 v1.4 Alias counters (HO)
 (/usr/local/texlive/2018/texmf-dist/tex/latex/carlisle/remreset.sty))
\c@chapter=\count97
LaTeX Font Info:    Redeclaring math symbol \Gamma on input line 362.
LaTeX Font Info:    Redeclaring math symbol \Delta on input line 363.
LaTeX Font Info:    Redeclaring math symbol \Theta on input line 364.
LaTeX Font Info:    Redeclaring math symbol \Lambda on input line 365.
LaTeX Font Info:    Redeclaring math symbol \Xi on input line 366.
LaTeX Font Info:    Redeclaring math symbol \Pi on input line 367.
LaTeX Font Info:    Redeclaring math symbol \Sigma on input line 368.
LaTeX Font Info:    Redeclaring math symbol \Upsilon on input line 369.
LaTeX Font Info:    Redeclaring math symbol \Phi on input line 370.
LaTeX Font Info:    Redeclaring math symbol \Psi on input line 371.
LaTeX Font Info:    Redeclaring math symbol \Omega on input line 372.
\tocchpnum=\dimen112
\tocsecnum=\dimen113
\tocsectotal=\dimen114
\tocsubsecnum=\dimen115
\tocsubsectotal=\dimen116
\tocsubsubsecnum=\dimen117
\tocsubsubsectotal=\dimen118
\tocparanum=\dimen119
\tocparatotal=\dimen120
\tocsubparanum=\dimen121
\@tempcntc=\count98
\fnindent=\dimen122
\c@@inst=\count99
\c@@auth=\count100
\c@auco=\count101
\instindent=\dimen123
\authrun=\box52
\authorrunning=\toks14
\tocauthor=\toks15
\titrun=\box53
\titlerunning=\toks16
\toctitle=\toks17
\c@theorem=\count102
\c@case=\count103
\c@conjecture=\count104
\c@corollary=\count105
\c@definition=\count106
\c@example=\count107
\c@exercise=\count108
\c@lemma=\count109
\c@note=\count110
\c@problem=\count111
\c@property=\count112
\c@proposition=\count113
\c@question=\count114
\c@solution=\count115
\c@remark=\count116
\headlineindent=\dimen124
) (/usr/local/texlive/2018/texmf-dist/tex/latex/graphics/graphicx.sty
Package: graphicx 2017/06/01 v1.1a Enhanced LaTeX Graphics (DPC,SPQR)
 (/usr/local/texlive/2018/texmf-dist/tex/latex/graphics/keyval.sty
Package: keyval 2014/10/28 v1.15 key=value parser (DPC)
\KV@toks@=\toks18
) (/usr/local/texlive/2018/texmf-dist/tex/latex/graphics/graphics.sty
Package: graphics 2017/06/25 v1.2c Standard LaTeX Graphics (DPC,SPQR)
 (/usr/local/texlive/2018/texmf-dist/tex/latex/graphics/trig.sty
Package: trig 2016/01/03 v1.10 sin cos tan (DPC)
) (/usr/local/texlive/2018/texmf-dist/tex/latex/graphics-cfg/graphics.cfg
File: graphics.cfg 2016/06/04 v1.11 sample graphics configuration
)
Package graphics Info: Driver file: pdftex.def on input line 99.
 (/usr/local/texlive/2018/texmf-dist/tex/latex/graphics-def/pdftex.def
File: pdftex.def 2018/01/08 v1.0l Graphics/color driver for pdftex
))
\Gin@req@height=\dimen125
\Gin@req@width=\dimen126
) (/usr/local/texlive/2018/texmf-dist/tex/latex/amsfonts/amsfonts.sty
Package: amsfonts 2013/01/14 v3.01 Basic AMSFonts support
\@emptytoks=\toks19
\symAMSa=\mathgroup4
\symAMSb=\mathgroup5
LaTeX Font Info:    Overwriting math alphabet `\mathfrak' in version `bold'
(Font)                  U/euf/m/n --> U/euf/b/n on input line 106.
) (/usr/local/texlive/2018/texmf-dist/tex/latex/amsfonts/amssymb.sty
Package: amssymb 2013/01/14 v3.01 AMS font symbols
) (/usr/local/texlive/2018/texmf-dist/tex/latex/amsmath/amsmath.sty
Package: amsmath 2017/09/02 v2.17a AMS math features
\@mathmargin=\skip45

For additional information on amsmath, use the `?' option.
(/usr/local/texlive/2018/texmf-dist/tex/latex/amsmath/amstext.sty
Package: amstext 2000/06/29 v2.01 AMS text
 (/usr/local/texlive/2018/texmf-dist/tex/latex/amsmath/amsgen.sty
File: amsgen.sty 1999/11/30 v2.0 generic functions
\@emptytoks=\toks20
\ex@=\dimen127
)) (/usr/local/texlive/2018/texmf-dist/tex/latex/amsmath/amsbsy.sty
Package: amsbsy 1999/11/29 v1.2d Bold Symbols
\pmbraise@=\dimen128
) (/usr/local/texlive/2018/texmf-dist/tex/latex/amsmath/amsopn.sty
Package: amsopn 2016/03/08 v2.02 operator names
)
\inf@bad=\count117
LaTeX Info: Redefining \frac on input line 213.
\uproot@=\count118
\leftroot@=\count119
LaTeX Info: Redefining \overline on input line 375.
\classnum@=\count120
\DOTSCASE@=\count121
LaTeX Info: Redefining \ldots on input line 472.
LaTeX Info: Redefining \dots on input line 475.
LaTeX Info: Redefining \cdots on input line 596.
\Mathstrutbox@=\box54
\strutbox@=\box55
\big@size=\dimen129
LaTeX Font Info:    Redeclaring font encoding OML on input line 712.
LaTeX Font Info:    Redeclaring font encoding OMS on input line 713.


Package amsmath Warning: Unable to redefine math accent \vec.

\macc@depth=\count122
\c@MaxMatrixCols=\count123
\dotsspace@=\muskip10
\c@parentequation=\count124
\dspbrk@lvl=\count125
\tag@help=\toks21
\row@=\count126
\column@=\count127
\maxfields@=\count128
\andhelp@=\toks22
\eqnshift@=\dimen130
\alignsep@=\dimen131
\tagshift@=\dimen132
\tagwidth@=\dimen133
\totwidth@=\dimen134
\lineht@=\dimen135
\@envbody=\toks23
\multlinegap=\skip46
\multlinetaggap=\skip47
\mathdisplay@stack=\toks24
LaTeX Info: Redefining \[ on input line 2817.
LaTeX Info: Redefining \] on input line 2818.
) (/usr/local/texlive/2018/texmf-dist/tex/latex/multirow/multirow.sty
Package: multirow 2016/11/25 v2.2 Span multiple rows of a table
\multirow@colwidth=\skip48
\multirow@cntb=\count129
\multirow@dima=\skip49
\bigstrutjot=\dimen136
) (/usr/local/texlive/2018/texmf-dist/tex/latex/multirow/bigstrut.sty
Package: bigstrut 2016/11/25 v2.2 Provide larger struts in tabulars
) (/usr/local/texlive/2018/texmf-dist/tex/latex/booktabs/booktabs.sty
Package: booktabs 2016/04/27 v1.618033 publication quality tables
\heavyrulewidth=\dimen137
\lightrulewidth=\dimen138
\cmidrulewidth=\dimen139
\belowrulesep=\dimen140
\belowbottomsep=\dimen141
\aboverulesep=\dimen142
\abovetopsep=\dimen143
\cmidrulesep=\dimen144
\cmidrulekern=\dimen145
\defaultaddspace=\dimen146
\@cmidla=\count130
\@cmidlb=\count131
\@aboverulesep=\dimen147
\@belowrulesep=\dimen148
\@thisruleclass=\count132
\@lastruleclass=\count133
\@thisrulewidth=\dimen149
) (/usr/local/texlive/2018/texmf-dist/tex/latex/hyperref/hyperref.sty
Package: hyperref 2018/02/06 v6.86b Hypertext links for LaTeX
 (/usr/local/texlive/2018/texmf-dist/tex/generic/oberdiek/hobsub-hyperref.sty
Package: hobsub-hyperref 2016/05/16 v1.14 Bundle oberdiek, subset hyperref (HO)
 (/usr/local/texlive/2018/texmf-dist/tex/generic/oberdiek/hobsub-generic.sty
Package: hobsub-generic 2016/05/16 v1.14 Bundle oberdiek, subset generic (HO)
Package: hobsub 2016/05/16 v1.14 Construct package bundles (HO)
Package: infwarerr 2016/05/16 v1.4 Providing info/warning/error messages (HO)
Package: ltxcmds 2016/05/16 v1.23 LaTeX kernel commands for general use (HO)
Package: ifluatex 2016/05/16 v1.4 Provides the ifluatex switch (HO)
Package ifluatex Info: LuaTeX not detected.
Package: ifvtex 2016/05/16 v1.6 Detect VTeX and its facilities (HO)
Package ifvtex Info: VTeX not detected.
Package: intcalc 2016/05/16 v1.2 Expandable calculations with integers (HO)
Package: ifpdf 2017/03/15 v3.2 Provides the ifpdf switch
Package: etexcmds 2016/05/16 v1.6 Avoid name clashes with e-TeX commands (HO)
Package etexcmds Info: Could not find \expanded.
(etexcmds)             That can mean that you are not using pdfTeX 1.50 or
(etexcmds)             that some package has redefined \expanded.
(etexcmds)             In the latter case, load this package earlier.
Package: kvsetkeys 2016/05/16 v1.17 Key value parser (HO)
Package: kvdefinekeys 2016/05/16 v1.4 Define keys (HO)
Package: pdftexcmds 2018/01/30 v0.27 Utility functions of pdfTeX for LuaTeX (HO)
Package pdftexcmds Info: LuaTeX not detected.
Package pdftexcmds Info: \pdf@primitive is available.
Package pdftexcmds Info: \pdf@ifprimitive is available.
Package pdftexcmds Info: \pdfdraftmode found.
Package: pdfescape 2016/05/16 v1.14 Implements pdfTeX's escape features (HO)
Package: bigintcalc 2016/05/16 v1.4 Expandable calculations on big integers (HO)
Package: bitset 2016/05/16 v1.2 Handle bit-vector datatype (HO)
Package: uniquecounter 2016/05/16 v1.3 Provide unlimited unique counter (HO)
)
Package hobsub Info: Skipping package `hobsub' (already loaded).
Package: letltxmacro 2016/05/16 v1.5 Let assignment for LaTeX macros (HO)
Package: hopatch 2016/05/16 v1.3 Wrapper for package hooks (HO)
Package: xcolor-patch 2016/05/16 xcolor patch
Package: atveryend 2016/05/16 v1.9 Hooks at the very end of document (HO)
Package atveryend Info: \enddocument detected (standard20110627).
Package: atbegshi 2016/06/09 v1.18 At begin shipout hook (HO)
Package: refcount 2016/05/16 v3.5 Data extraction from label references (HO)
Package: hycolor 2016/05/16 v1.8 Color options for hyperref/bookmark (HO)
) (/usr/local/texlive/2018/texmf-dist/tex/generic/ifxetex/ifxetex.sty
Package: ifxetex 2010/09/12 v0.6 Provides ifxetex conditional
) (/usr/local/texlive/2018/texmf-dist/tex/latex/oberdiek/auxhook.sty
Package: auxhook 2016/05/16 v1.4 Hooks for auxiliary files (HO)
) (/usr/local/texlive/2018/texmf-dist/tex/latex/oberdiek/kvoptions.sty
Package: kvoptions 2016/05/16 v3.12 Key value format for package options (HO)
)
\@linkdim=\dimen150
\Hy@linkcounter=\count134
\Hy@pagecounter=\count135
 (/usr/local/texlive/2018/texmf-dist/tex/latex/hyperref/pd1enc.def
File: pd1enc.def 2018/02/06 v6.86b Hyperref: PDFDocEncoding definition (HO)
Now handling font encoding PD1 ...
... no UTF-8 mapping file for font encoding PD1
)
\Hy@SavedSpaceFactor=\count136
 (/usr/local/texlive/2018/texmf-dist/tex/latex/latexconfig/hyperref.cfg
File: hyperref.cfg 2002/06/06 v1.2 hyperref configuration of TeXLive
)
Package hyperref Info: Hyper figures OFF on input line 4509.
Package hyperref Info: Link nesting OFF on input line 4514.
Package hyperref Info: Hyper index ON on input line 4517.
Package hyperref Info: Plain pages OFF on input line 4524.
Package hyperref Info: Backreferencing ON on input line 4527.
Package hyperref Info: Implicit mode ON; LaTeX internals redefined.
Package hyperref Info: Bookmarks ON on input line 4762.
 (/usr/local/texlive/2018/texmf-dist/tex/latex/hyperref/backref.sty
Package: backref 2016/05/21 v1.39 Bibliographical back referencing
 (/usr/local/texlive/2018/texmf-dist/tex/latex/oberdiek/rerunfilecheck.sty
Package: rerunfilecheck 2016/05/16 v1.8 Rerun checks for auxiliary files (HO)
Package uniquecounter Info: New unique counter `rerunfilecheck' on input line 282.
))
\c@Hy@tempcnt=\count137
 (/usr/local/texlive/2018/texmf-dist/tex/latex/url/url.sty
\Urlmuskip=\muskip11
Package: url 2013/09/16  ver 3.4  Verb mode for urls, etc.
)
LaTeX Info: Redefining \url on input line 5115.
\XeTeXLinkMargin=\dimen151
\Fld@menulength=\count138
\Field@Width=\dimen152
\Fld@charsize=\dimen153
Package hyperref Info: Hyper figures OFF on input line 6369.
Package hyperref Info: Link nesting OFF on input line 6374.
Package hyperref Info: Hyper index ON on input line 6377.
Package hyperref Info: backreferencing ON on input line 6382.
Package hyperref Info: Link coloring OFF on input line 6389.
Package hyperref Info: Link coloring with OCG OFF on input line 6394.
Package hyperref Info: PDF/A mode OFF on input line 6399.
LaTeX Info: Redefining \ref on input line 6439.
LaTeX Info: Redefining \pageref on input line 6443.
\Hy@abspage=\count139
\c@Item=\count140
\c@Hfootnote=\count141
)
Package hyperref Info: Driver (autodetected): hpdftex.
 (/usr/local/texlive/2018/texmf-dist/tex/latex/hyperref/hpdftex.def
File: hpdftex.def 2018/02/06 v6.86b Hyperref driver for pdfTeX
\Fld@listcount=\count142
\c@bookmark@seq@number=\count143
\Hy@SectionHShift=\skip50
) (/usr/local/texlive/2018/texmf-dist/tex/latex/geometry/geometry.sty
Package: geometry 2018/03/24 v5.7 Page Geometry
\Gm@cnth=\count144
\Gm@cntv=\count145
\c@Gm@tempcnt=\count146
\Gm@bindingoffset=\dimen154
\Gm@wd@mp=\dimen155
\Gm@odd@mp=\dimen156
\Gm@even@mp=\dimen157
\Gm@layoutwidth=\dimen158
\Gm@layoutheight=\dimen159
\Gm@layouthoffset=\dimen160
\Gm@layoutvoffset=\dimen161
\Gm@dimlist=\toks25
) (/Users/wujunlei/VscodeProjects/我的github技术博客/blog_markdown/static/paper/sentiment-analysis-edge-computing/wujunlei_Transformer Based Memory Network for Sentiment Analysis of Web Comments.aux)
\openout1 = `"wujunlei_Transformer Based Memory Network for Sentiment Analysis of Web Comments.aux"'.

LaTeX Font Info:    Checking defaults for OML/cmm/m/it on input line 24.
LaTeX Font Info:    ... okay on input line 24.
LaTeX Font Info:    Checking defaults for T1/cmr/m/n on input line 24.
LaTeX Font Info:    ... okay on input line 24.
LaTeX Font Info:    Checking defaults for OT1/cmr/m/n on input line 24.
LaTeX Font Info:    ... okay on input line 24.
LaTeX Font Info:    Checking defaults for OMS/cmsy/m/n on input line 24.
LaTeX Font Info:    ... okay on input line 24.
LaTeX Font Info:    Checking defaults for OMX/cmex/m/n on input line 24.
LaTeX Font Info:    ... okay on input line 24.
LaTeX Font Info:    Checking defaults for U/cmr/m/n on input line 24.
LaTeX Font Info:    ... okay on input line 24.
LaTeX Font Info:    Checking defaults for PD1/pdf/m/n on input line 24.
LaTeX Font Info:    ... okay on input line 24.
 (/usr/local/texlive/2018/texmf-dist/tex/context/base/mkii/supp-pdf.mkii
[Loading MPS to PDF converter (version 2006.09.02).]
\scratchcounter=\count147
\scratchdimen=\dimen162
\scratchbox=\box56
\nofMPsegments=\count148
\nofMParguments=\count149
\everyMPshowfont=\toks26
\MPscratchCnt=\count150
\MPscratchDim=\dimen163
\MPnumerator=\count151
\makeMPintoPDFobject=\count152
\everyMPtoPDFconversion=\toks27
) (/usr/local/texlive/2018/texmf-dist/tex/latex/oberdiek/epstopdf-base.sty
Package: epstopdf-base 2016/05/15 v2.6 Base part for package epstopdf
 (/usr/local/texlive/2018/texmf-dist/tex/latex/oberdiek/grfext.sty
Package: grfext 2016/05/16 v1.2 Manage graphics extensions (HO)
)
Package epstopdf-base Info: Redefining graphics rule for `.eps' on input line 438.
Package grfext Info: Graphics extension search list:
(grfext)             [.pdf,.png,.jpg,.mps,.jpeg,.jbig2,.jb2,.PDF,.PNG,.JPG,.JPEG,.JBIG2,.JB2,.eps]
(grfext)             \AppendGraphicsExtensions on input line 456.
 (/usr/local/texlive/2018/texmf-dist/tex/latex/latexconfig/epstopdf-sys.cfg
File: epstopdf-sys.cfg 2010/07/13 v1.3 Configuration of (r)epstopdf for TeX Live
))
\AtBeginShipoutBox=\box57
Package hyperref Info: Link coloring OFF on input line 24.
 (/usr/local/texlive/2018/texmf-dist/tex/latex/hyperref/nameref.sty
Package: nameref 2016/05/21 v2.44 Cross-referencing by name of section
 (/usr/local/texlive/2018/texmf-dist/tex/generic/oberdiek/gettitlestring.sty
Package: gettitlestring 2016/05/16 v1.5 Cleanup title references (HO)
)
\c@section@level=\count153
)
LaTeX Info: Redefining \ref on input line 24.
LaTeX Info: Redefining \pageref on input line 24.
LaTeX Info: Redefining \nameref on input line 24.
 (/Users/wujunlei/VscodeProjects/我的github技术博客/blog_markdown/static/paper/sentiment-analysis-edge-computing/wujunlei_Transformer Based Memory Network for Sentiment Analysis of Web Comments.out) (/Users/wujunlei/VscodeProjects/我的github技术博客/blog_markdown/static/paper/sentiment-analysis-edge-computing/wujunlei_Transformer Based Memory Network for Sentiment Analysis of Web Comments.out)
\@outlinefile=\write3
\openout3 = `"wujunlei_Transformer Based Memory Network for Sentiment Analysis of Web Comments.out"'.


*geometry* driver: auto-detecting
*geometry* detected driver: pdftex
*geometry* verbose mode - [ preamble ] result:
* driver: pdftex
* paper: a4paper
* layout: <same size as paper>
* layoutoffset:(h,v)=(0.0pt,0.0pt)
* modes: twoside 
* h-part:(L,W,R)=(47.7999pt, 478.00812pt, 71.69986pt)
* v-part:(T,H,B)=(67.60269pt, 676.04005pt, 101.4041pt)
* \paperwidth=597.50787pt
* \paperheight=845.04684pt
* \textwidth=478.00812pt
* \textheight=676.04005pt
* \oddsidemargin=-24.4701pt
* \evensidemargin=-0.57013pt
* \topmargin=-32.6673pt
* \headheight=12.0pt
* \headsep=16.0pt
* \topskip=10.0pt
* \footskip=30.0pt
* \marginparwidth=90.0pt
* \marginparsep=10.0pt
* \columnsep=10.0pt
* \skip\footins=9.0pt plus 4.0pt minus 2.0pt
* \hoffset=0.0pt
* \voffset=0.0pt
* \mag=1000
* \@twocolumntrue
* \@twosidetrue
* \@mparswitchtrue
* \@reversemarginfalse
* (1in=72.27pt=25.4mm, 1cm=28.453pt)

LaTeX Font Info:    Try loading font information for U+msa on input line 46.
(/usr/local/texlive/2018/texmf-dist/tex/latex/amsfonts/umsa.fd
File: umsa.fd 2013/01/14 v3.01 AMS symbols A
)
LaTeX Font Info:    Try loading font information for U+msb on input line 46.
 (/usr/local/texlive/2018/texmf-dist/tex/latex/amsfonts/umsb.fd
File: umsb.fd 2013/01/14 v3.01 AMS symbols B
)
Title too long for running head. Please supply
a shorter form with \titlerunning prior to \maketitle
LaTeX Font Info:    Try loading font information for OMS+cmr on input line 49.
(/usr/local/texlive/2018/texmf-dist/tex/latex/base/omscmr.fd
File: omscmr.fd 2014/09/29 v2.5h Standard LaTeX font definitions
)
LaTeX Font Info:    Font shape `OMS/cmr/m/n' in size <9> not available
(Font)              Font shape `OMS/cmsy/m/n' tried instead on input line 49.


LaTeX Warning: Citation `DBLP:conf/IEEEcit/ChenLZW16' on page 1 undefined on input line 57.


Underfull \vbox (badness 2990) has occurred while \output is active []

 [1{/usr/local/texlive/2018/texmf-var/fonts/map/pdftex/updmap/pdftex.map}


]

LaTeX Warning: Citation `DBLP:conf/emnlp/PangLV02' on page 2 undefined on input line 65.


LaTeX Warning: Citation `yang2015microblog' on page 2 undefined on input line 65.


LaTeX Warning: Citation `Chen2017A' on page 2 undefined on input line 65.


LaTeX Warning: Citation `zhu2013chinese' on page 2 undefined on input line 67.


LaTeX Warning: Citation `DBLP:conf/nips/VaswaniSPUJGKP17' on page 2 undefined on input line 73.


LaTeX Warning: Citation `DBLP:journals/neco/HochreiterS97' on page 2 undefined on input line 73.


LaTeX Warning: Citation `DBLP:journals/corr/ChungGCB14' on page 2 undefined rnn4.jpg, id=108, 1742.51pt x 333.245pt>
File: rnn4.jpg Graphic file (type jpg)
<use rnn4.jpg>
Package pdftex.def Info: rnn4.jpg  used on input line 123.
(pdftex.def)             Requested size: 478.00812pt x 91.41637pt.
<self-attention2.png, id=113, 849.1725pt x 358.33875pt>
File: self-attention2.png Graphic file (type png)
<use self-attention2.png>
Package pdftex.def Info: self-attention2.png  used on input line 136.
(pdftex.def)             Requested size: 286.80779pt x 121.02979pt.
 [4]
<transformer.jpg, id=125, 1467.4825pt x 1320.935pt>
File: transformer.jpg Graphic file (type jpg)
<use transformer.jpg>
Package pdftex.def Info: transformer.jpg  used on input line 146.
(pdftex.def)             Requested size: 334.60422pt x 301.1884pt.

Underfull \hbox (badness 3219) in paragraph at lines 174--175
\OT1/cmr/m/n/10 We presents TF-MN model for ABSA in this
 []


Underfull \hbox (badness 4132) in paragraph at lines 174--175
\OT1/cmr/m/n/10 sec-tion. The task of ABSA con-cluded as fol-
 []


Underfull \hbox (badness 1472) in paragraph at lines 174--175
\OT1/cmr/m/n/10 lows: given a text con-sist-ing of \OT1/cmr/m/it/10 n \OT1/cmr/m/n/10 words $\OML/cmm/m/it/10 C \OT1/cmr/m/n/10 =
 []

<Transformer-mn.png, id=129, 1331.97626pt x 896.34875pt>
File: Transformer-mn.png Graphic file (type png)
<use Transformer-mn.png>
Package pdftex.def Info: Transformer-mn.png  used on input line 177.
(pdftex.def)             Requested size: 454.10625pt x 305.58885pt.
[5 </Users/wujunlei/VscodeProjects/我的github技术博客/blog_markdown/static/paper/sentiment-analysis-edge-computing/rnn4.jpg> </Users/wujunlei/VscodeProjects/我的github技术博客/blog_markdown/static/paper/sentiment-analysis-edge-computing/self-attention2.png>] [6 </Users/wujunlei/VscodeProjects/我的github技术博客/blog_markdown/static/paper/sentiment-analysis-edge-computing/transformer.jpg>] [7 </Users/wujunlei/VscodeProjects/我的github技术博客/blog_markdown/static/paper/sentiment-analysis-edge-computing/Transformer-mn.png>]
<memoryNetwork.png, id=178, 1178.4025pt x 459.7175pt>
File: memoryNetwork.png Graphic file (type png)
<use memoryNetwork.png>
Package pdftex.def Info: memoryNetwork.png  used on input line 264.
(pdftex.def)             Requested size: 430.20438pt x 167.83406pt.
 [8]
Underfull \hbox (badness 1859) in paragraph at lines 367--368
[]\OT1/cmr/m/n/10 Unlike TD-LSTM, AT-LSTM uses a at-ten-tion
 []

[9 </Users/wujunlei/VscodeProjects/我的github技术博客/blog_markdown/static/paper/sentiment-analysis-edge-computing/memoryNetwork.png>] [10] (/Users/wujunlei/VscodeProjects/我的github技术博客/blog_markdown/static/paper/sentiment-analysis-edge-computing/wujunlei_Transformer Based Memory Network for Sentiment Analysis of Web Comments.bbl (/Users/wujunlei/VscodeProjects/我的github技术博客/blog_markdown/static/paper/sentiment-analysis-edge-computing/wujunlei_Transformer Based Memory Network for Sentiment Analysis of Web Comments.brf)
\tf@brf=\write4
\openout4 = `"wujunlei_Transformer Based Memory Network for Sentiment Analysis of Web Comments.brf"'.


Underfull \hbox (badness 1466) in paragraph at lines 60--60
[]\OT1/cmr/m/n/9 S. Zhu, B. Xu, D. Zheng, and T. Zhao, ``Chi-
 []

[11]
Underfull \hbox (badness 10000) in paragraph at lines 250--250
[]\OT1/cmr/m/n/9 Humanity123, ``Men-net,'' []$https : / / github . com /
 []


Underfull \hbox (badness 8094) in paragraph at lines 255--255
[]\OT1/cmr/m/n/9 sklearn, ``sklearn,'' []$https : / / scikit-[]learn . org / stable /
 []


Underfull \hbox (badness 4353) in paragraph at lines 255--255
\OT1/cmr/m/n/9 modules / generated / sklearn . svm . SVC . html$[], last ac-
 []


Underfull \hbox (badness 2035) in paragraph at lines 259--259
\OT1/cmr/m/n/9 com / jimmyyfeng / TD-[]LSTM$[], last ac-cessed 5 Mar
 []

)
Package atveryend Info: Empty hook `BeforeClearDocument' on input line 432.
 [12]
Package atveryend Info: Empty hook `AfterLastShipout' on input line 432.
 (/Users/wujunlei/VscodeProjects/我的github技术博客/blog_markdown/static/paper/sentiment-analysis-edge-computing/wujunlei_Transformer cmm/m/it/10 C \OT1/cmr/m/n/10 =
 []

<Transformer-mn.png, id=43, 1331.97626pt x 896.34875pt>
File: Transformer-mn.png Graphic file (type png)
<use Transformer-mn.png>
Package pdftex.def Info: Transformer-mn.png  used on input line 177.
(pdftex.def)             Requested size: 454.10625pt x 305.58885pt.

LaTeX Warning: Reference `Transformer-mn' on page 5 undefined on input line 182.

[5 </Users/wujunlei/VscodeProjects/我的github技术博客/blog_markdown/static/paper/sentiment-analysis-edge-computing/rnn4.jpg> </Users/wujunlei/VscodeProjects/我的github技术博客/blog_markdown/static/paper/sentiment-analysis-edge-computing/self-attention2.png>]

LaTeX Warning: Citation `DBLP:conf/naacl/SongSLZ18' on page 6 undefined on input line 188.

[6 </Users/wujunlei/VscodeProjects/我的github技术博客/blog_markdown/static/paper/sentiment-analysis-edge-computing/transformer.jpg>]

LaTeX Warning: Reference `con:attentiongate' on page 7 undefined on input line 240.

[7 </Users/wujunlei/VscodeProjects/我的github技术博客/blog_markdown/static/paper/sentiment-analysis-edge-computing/Transformer-mn.png>]
<memoryNetwork.png, id=89, 1178.4025pt x 459.7175pt>
File: memoryNetwork.png Graphic file (type png)
<use memoryNetwork.png>
Package pdftex.def Info: memoryNetwork.png  used on input line 264.
(pdftex.def)             Requested size: 430.20438pt x 167.83406pt.


LaTeX Warning: Reference `memorynetwork' on page 8 undefined on input line 270.


LaTeX Warning: Reference `con:attentiongate' on page 8 undefined on input line 274.


LaTeX Warning: Reference `con:updatecontext' on page 8 undefined on input line 297.


LaTeX Warning: Reference `con:updatememory' on page 8 undefined on input line 297.


LaTeX Warning: Reference `stat-dataset' on page 8 undefined on input line 313.

[8]

LaTeX Warning: Citation `DBLP:conf/naacl/SongSLZ18' on page 9 undefined on input line 345.


LaTeX Warning: Citation `sun2012jieba' on page 9 undefined on input line 345.


LaTeX Warning: Citation `DBLP:conf/emnlp/WangHZZ16' on page 9 undefined on input line 348.


LaTeX Warning: Citation `DBLP:conf/emnlp/WangHZZ16' on page 9 undefined on input line 348.


LaTeX Warning: Citation `DBLP:conf/ijcai/MaLZW17' on page 9 undefined on input line 348.


LaTeX Warning: Citation `MENNET' on page 9 undefined on input line 348.


LaTeX Warning: Citation `sklearn' on page 9 undefined on input line 350.


LaTeX Warning: Citation `td-lstm_at-lstm' on page 9 undefined on input line 354.


LaTeX Warning: Citation `IAN' on page 9 undefined on input line 354.


LaTeX Warning: Citation `MENNET' on page 9 undefined on input line 354.


LaTeX Warning: Reference `model-compare' on page 9 undefined on input line 359.


Underfull \hbox (badness 1859) in paragraph at lines 367--368
[]\OT1/cmr/m/n/10 Unlike TD-LSTM, AT-LSTM uses a at-ten-tion
 []

[9 </Users/wujunlei/VscodeProjects/我的github技术博客/blog_markdown/static/paper/sentiment-analysis-edge-computing/memoryNetwork.png>]

LaTeX Warning: Reference `hop-compare' on page 10 undefined on input line 401.

[10] (/Users/wujunlei/VscodeProjects/我的github技术博客/blog_markdown/static/paper/sentiment-analysis-edge-computing/wujunlei_Transformer Based Memory Network for Sentiment Analysis of Web Comments.bbl (/Users/wujunlei/VscodeProjects/我的github技术博客/blog_markdown/static/paper/sentiment-analysis-edge-computing/wujunlei_Transformer Based Memory Network for Sentiment Analysis of Web Comments.brf)
\tf@brf=\write4
\openout4 = `"wujunlei_Transformer Based Memory Network for Sentiment Analysis of Web Comments.brf"'.


Underfull \hbox (badness 1466) in paragraph at lines 60--60
[]\OT1/cmr/m/n/9 S. Zhu, B. Xu, D. Zheng, and T. Zhao, ``Chi-
 []

[11]
Underfull \hbox (badness 10000) in paragraph at lines 250--250
[]\OT1/cmr/m/n/9 Humanity123, ``Men-net,'' []$https : / / github . com /
 []


Underfull \hbox (badness 8094) in paragraph at lines 255--255
[]\OT1/cmr/m/n/9 sklearn, ``sklearn,'' []$https : / / scikit-[]learn . org / stable /
 []


Underfull \hbox (badness 4353) in paragraph at lines 255--255
\OT1/cmr/m/n/9 modules / generated / sklearn . svm . SVC . html$[], last ac-
 []


Underfull \hbox (badness 2035) in paragraph at lines 259--259
\OT1/cmr/m/n/9 com / jimmyyfeng / TD-[]LSTM$[], last ac-cessed 5 Mar
 []

)
Package atveryend Info: Empty hook `BeforeClearDocument' on input line 432.
 [12]
Package atveryend Info: Empty hook `AfterLastShipout' on input line 432.
 (/Users/wujunlei/VscodeProjects/我的github技术博客/blog_markdown/static/paper/sentiment-analysis-edge-computing/wujunlei_Transformer Based Memory Network for Sentiment Analysis of Web Comments.aux)
Package atveryend Info: Executing hook `AtVeryEndDocument' on input line 432.
Package atveryend Info: Executing hook `AtEndAfterFileList' on input line 432.


Package rerunfilecheck Warning: File `"wujunlei_Transformer Based Memory Network for Sentiment Analysis of Web Comments".out' has changed.
(rerunfilecheck)                Rerun to get outlines right
(rerunfilecheck)                or use package `bookmark'.

Package rerunfilecheck Info: Checksums for `"wujunlei_Transformer Based Memory Network for Sentiment Analysis of Web Comments".out':
(rerunfilecheck)             Before: D41D8CD98F00B204E9800998ECF8427E;0
(rerunfilecheck)             After:  4AB42E1F5ED85E05BD7979E62612717D;106.
Package rerunfilecheck Info: File `"wujunlei_Transformer Based Memory Network for Sentiment Analysis of Web Comments".brf' has not changed.
(rerunfilecheck)             Checksum: 9659AB12FC6D5628FB6DFE1CD2F30D3C;2021.

LaTeX Warning: There were undefined references.


LaTeX Warning: Label(s) may have changed. Rerun to get cross-references right.

Package atveryend Info: Empty hook `AtVeryVeryEnd' on input line 432.
 ) 
Here is how much of TeX's memory you used:
 7282 strings out of 492649
 109454 string characters out of 6129623
 214247 words of memory out of 5000000
 10969 multiletter control sequences out of 15000+600000
 11125 words of font info for 43 fonts, out of 8000000 for 9000
 1141 hyphenation exceptions out of 8191
 32i,10n,27p,1800b,468s stack positions out of 5000i,500n,10000p,200000b,80000s
</usr/local/texlive/2018/texmf-dist/fonts/type1/public/amsfonts/cm/cmbx10.pfb></usr/local/texlive/2018/texmf-dist/fonts/type1/public/amsfonts/cm/cmbx12.pfb></usr/local/texlive/2018/texmf-dist/fonts/type1/public/amsfonts/cm/cmbx9.pfb></usr/local/texlive/2018/texmf-dist/fonts/type1/public/amsfonts/cm/cmex10.pfb></usr/local/texlive/2018/texmf-dist/fonts/type1/public/amsfonts/cm/cmmi10.pfb></usr/local/texlive/2018/texmf-dist/fonts/type1/public/amsfonts/cm/cmmi7.pfb></usr/local/texlive/2018/texmf-dist/fonts/type1/public/amsfonts/cm/cmr10.pfb></usr/local/texlive/2018/texmf-dist/fonts/type1/public/amsfonts/cm/cmr7.pfb></usr/local/texlive/2018/texmf-dist/fonts/type1/public/amsfonts/cm/cmr9.pfb></usr/local/texlive/2018/texmf-dist/fonts/type1/public/amsfonts/cm/cmsy10.pfb></usr/local/texlive/2018/texmf-dist/fonts/type1/public/amsfonts/cm/cmsy5.pfb></usr/local/texlive/2018/texmf-dist/fonts/type1/public/amsfonts/cm/cmsy7.pfb></usr/local/texlive/2018/texmf-dist/fonts/type1/public/amsfonts/cm/cmsy9.pfb></usr/local/texlive/2018/texmf-dist/fonts/type1/public/amsfonts/cm/cmti10.pfb></usr/local/texlive/2018/texmf-dist/fonts/type1/public/amsfonts/cm/cmti9.pfb></usr/local/texlive/2018/texmf-dist/fonts/type1/public/amsfonts/cm/cmtt9.pfb></usr/local/texlive/2018/texmf-dist/fonts/type1/public/amsfonts/symbols/msbm10.pfb>
Output written on "/Users/wujunlei/VscodeProjects/我的github技术博客/blog_markdown/static/paper/sentiment-analysis-edge-computing/wujunlei_Transformer Based Memory Network for Sentiment Analysis of Web Comments.pdf" (12 pages, 798586 bytes).
PDF statistics:
 322 PDF objects out of 1000 (max. 8388607)
 278 compressed objects within 3 object streams
 101 named destinations out of 1000 (max. 500000)
 31 words of extra memory for PDF output out of 10000 (max. 10000000)

